<?xml version="1.0" encoding="UTF-8"?>
<!-- Generated by org.testng.reporters.JUnitReportReporter -->
<testsuite hostname="AK" failures="0" tests="1" name="TestCases.TC_001_Test" time="9.046" errors="0" timestamp="2023-10-04T17:40:34 BST" skipped="0">
  <testcase classname="TestCases.TC_001_Test" name="Login" time="9.046"/>
  <system-out/>
</testsuite> <!-- TestCases.TC_001_Test -->
