<?xml version="1.0" encoding="UTF-8"?>
<!-- Generated by org.testng.reporters.JUnitReportReporter -->
<testsuite hostname="AK" failures="0" tests="1" name="testng.TC_Selenium_2" time="7.137" errors="0" timestamp="2023-09-14T20:10:53 BST" skipped="0">
  <testcase classname="testng.TC_Selenium_2" name="seleniumLoading" time="7.137"/>
</testsuite> <!-- testng.TC_Selenium_2 -->
