<?xml version="1.0" encoding="UTF-8"?>
<!-- Generated by org.testng.reporters.JUnitReportReporter -->
<testsuite hostname="AK" failures="0" tests="1" name="testng.TC_google_4" time="20.853" errors="0" timestamp="2023-09-19T20:18:48 BST" skipped="0">
  <testcase classname="testng.TC_google_4" name="googleLoading" time="20.853"/>
</testsuite> <!-- testng.TC_google_4 -->
