<?xml version="1.0" encoding="UTF-8"?>
<!-- Generated by org.testng.reporters.JUnitReportReporter -->
<testsuite hostname="AK" failures="0" tests="1" name="testng.TC_Oracle_001" time="14.867" errors="0" timestamp="2023-09-14T20:10:53 BST" skipped="0">
  <testcase classname="testng.TC_Oracle_001" name="oracleLoading" time="14.867"/>
</testsuite> <!-- testng.TC_Oracle_001 -->
